app/build/intermediates/manifest_merge_blame_file/debug/processDebugMainManifest/manifest-merger-blame-debug-report.txt
1<?xml version="1.0" encoding="utf-8"?>
2<manifest xmlns:android="http://schemas.android.com/apk/res/android"
3    package="com.example.campushub"
4    android:versionCode="1"
5    android:versionName="1.0" >
6
7    <uses-sdk
8        android:minSdkVersion="24"
9        android:targetSdkVersion="35" />
10
11    <uses-permission android:name="android.permission.INTERNET" />
11-->src\main\AndroidManifest.xml:4:5-67
11-->src\main\AndroidManifest.xml:4:22-64
12    <uses-permission android:name="android.permission.WAKE_LOCK" />
12-->[androidx.work:work-runtime:2.11.2] AndroidManifest.xml:23:5-68
12-->[androidx.work:work-runtime:2.11.2] AndroidManifest.xml:23:22-65
13    <uses-permission android:name="android.permission.ACCESS_NETWORK_STATE" />
13-->[androidx.work:work-runtime:2.11.2] AndroidManifest.xml:24:5-79
13-->[androidx.work:work-runtime:2.11.2] AndroidManifest.xml:24:22-76
14    <uses-permission android:name="android.permission.RECEIVE_BOOT_COMPLETED" />
14-->[androidx.work:work-runtime:2.11.2] AndroidManifest.xml:25:5-81
14-->[androidx.work:work-runtime:2.11.2] AndroidManifest.xml:25:22-78
15    <uses-permission android:name="android.permission.FOREGROUND_SERVICE" />
15-->[androidx.work:work-runtime:2.11.2] AndroidManifest.xml:26:5-77
15-->[androidx.work:work-runtime:2.11.2] AndroidManifest.xml:26:22-74
16
17    <permission
17-->[androidx.core:core:1.15.0] AndroidManifest.xml:22:5-24:47
18        android:name="com.example.campushub.DYNAMIC_RECEIVER_NOT_EXPORTED_PERMISSION"
18-->[androidx.core:core:1.15.0] AndroidManifest.xml:23:9-81
19        android:protectionLevel="signature" />
19-->[androidx.core:core:1.15.0] AndroidManifest.xml:24:9-44
20
21    <uses-permission android:name="com.example.campushub.DYNAMIC_RECEIVER_NOT_EXPORTED_PERMISSION" />
21-->[androidx.core:core:1.15.0] AndroidManifest.xml:26:5-97
21-->[androidx.core:core:1.15.0] AndroidManifest.xml:26:22-94
22
23    <application
23-->src\main\AndroidManifest.xml:6:5-22:19
24        android:name="com.example.campushub.CampusHubApplication"
24-->src\main\AndroidManifest.xml:7:9-45
25        android:allowBackup="true"
25-->src\main\AndroidManifest.xml:8:9-35
26        android:appComponentFactory="androidx.core.app.CoreComponentFactory"
26-->[androidx.core:core:1.15.0] AndroidManifest.xml:28:18-86
27        android:debuggable="true"
28        android:extractNativeLibs="false"
29        android:icon="@drawable/ic_launcher_foreground"
29-->src\main\AndroidManifest.xml:9:9-56
30        android:label="@string/app_name"
30-->src\main\AndroidManifest.xml:10:9-41
31        android:roundIcon="@drawable/ic_launcher_foreground"
31-->src\main\AndroidManifest.xml:11:9-61
32        android:supportsRtl="true"
32-->src\main\AndroidManifest.xml:12:9-35
33        android:testOnly="true"
34        android:theme="@style/Theme.CampusHub" >
34-->src\main\AndroidManifest.xml:13:9-47
35        <activity
35-->src\main\AndroidManifest.xml:14:9-21:20
36            android:name="com.example.campushub.MainActivity"
36-->src\main\AndroidManifest.xml:15:13-41
37            android:exported="true" >
37-->src\main\AndroidManifest.xml:16:13-36
38            <intent-filter>
38-->src\main\AndroidManifest.xml:17:13-20:29
39                <action android:name="android.intent.action.MAIN" />
39-->src\main\AndroidManifest.xml:18:17-69
39-->src\main\AndroidManifest.xml:18:25-66
40
41                <category android:name="android.intent.category.LAUNCHER" />
41-->src\main\AndroidManifest.xml:19:17-77
41-->src\main\AndroidManifest.xml:19:27-74
42            </intent-filter>
43        </activity>
44
45        <provider
45-->[androidx.work:work-runtime:2.11.2] AndroidManifest.xml:29:9-37:20
46            android:name="androidx.startup.InitializationProvider"
46-->[androidx.work:work-runtime:2.11.2] AndroidManifest.xml:30:13-67
47            android:authorities="com.example.campushub.androidx-startup"
47-->[androidx.work:work-runtime:2.11.2] AndroidManifest.xml:31:13-68
48            android:exported="false" >
48-->[androidx.work:work-runtime:2.11.2] AndroidManifest.xml:32:13-37
49            <meta-data
49-->[androidx.work:work-runtime:2.11.2] AndroidManifest.xml:34:13-36:52
50                android:name="androidx.work.WorkManagerInitializer"
50-->[androidx.work:work-runtime:2.11.2] AndroidManifest.xml:35:17-68
51                android:value="androidx.startup" />
51-->[androidx.work:work-runtime:2.11.2] AndroidManifest.xml:36:17-49
52            <meta-data
52-->[androidx.emoji2:emoji2:1.3.0] AndroidManifest.xml:29:13-31:52
53                android:name="androidx.emoji2.text.EmojiCompatInitializer"
53-->[androidx.emoji2:emoji2:1.3.0] AndroidManifest.xml:30:17-75
54                android:value="androidx.startup" />
54-->[androidx.emoji2:emoji2:1.3.0] AndroidManifest.xml:31:17-49
55            <meta-data
55-->[androidx.lifecycle:lifecycle-process:2.8.7] AndroidManifest.xml:29:13-31:52
56                android:name="androidx.lifecycle.ProcessLifecycleInitializer"
56-->[androidx.lifecycle:lifecycle-process:2.8.7] AndroidManifest.xml:30:17-78
57                android:value="androidx.startup" />
57-->[androidx.lifecycle:lifecycle-process:2.8.7] AndroidManifest.xml:31:17-49
58            <meta-data
58-->[androidx.profileinstaller:profileinstaller:1.3.1] AndroidManifest.xml:29:13-31:52
59                android:name="androidx.profileinstaller.ProfileInstallerInitializer"
59-->[androidx.profileinstaller:profileinstaller:1.3.1] AndroidManifest.xml:30:17-85
60                android:value="androidx.startup" />
60-->[androidx.profileinstaller:profileinstaller:1.3.1] AndroidManifest.xml:31:17-49
61        </provider>
62
63        <service
63-->[androidx.work:work-runtime:2.11.2] AndroidManifest.xml:39:9-45:35
64            android:name="androidx.work.impl.background.systemjob.SystemJobService"
64-->[androidx.work:work-runtime:2.11.2] AndroidManifest.xml:40:13-84
65            android:directBootAware="false"
65-->[androidx.work:work-runtime:2.11.2] AndroidManifest.xml:41:13-44
66            android:enabled="@bool/enable_system_job_service_default"
66-->[androidx.work:work-runtime:2.11.2] AndroidManifest.xml:42:13-70
67            android:exported="true"
67-->[androidx.work:work-runtime:2.11.2] AndroidManifest.xml:43:13-36
68            android:permission="android.permission.BIND_JOB_SERVICE" />
68-->[androidx.work:work-runtime:2.11.2] AndroidManifest.xml:44:13-69
69        <service
69-->[androidx.work:work-runtime:2.11.2] AndroidManifest.xml:46:9-52:35
70            android:name="androidx.work.impl.foreground.SystemForegroundService"
70-->[androidx.work:work-runtime:2.11.2] AndroidManifest.xml:47:13-81
71            android:directBootAware="false"
71-->[androidx.work:work-runtime:2.11.2] AndroidManifest.xml:48:13-44
72            android:enabled="@bool/enable_system_foreground_service_default"
72-->[androidx.work:work-runtime:2.11.2] AndroidManifest.xml:49:13-77
73            android:exported="false" />
73-->[androidx.work:work-runtime:2.11.2] AndroidManifest.xml:50:13-37
74
75        <receiver
75-->[androidx.work:work-runtime:2.11.2] AndroidManifest.xml:54:9-59:35
76            android:name="androidx.work.impl.utils.ForceStopRunnable$BroadcastReceiver"
76-->[androidx.work:work-runtime:2.11.2] AndroidManifest.xml:55:13-88
77            android:directBootAware="false"
77-->[androidx.work:work-runtime:2.11.2] AndroidManifest.xml:56:13-44
78            android:enabled="true"
78-->[androidx.work:work-runtime:2.11.2] AndroidManifest.xml:57:13-35
79            android:exported="false" />
79-->[androidx.work:work-runtime:2.11.2] AndroidManifest.xml:58:13-37
80        <receiver
80-->[androidx.work:work-runtime:2.11.2] AndroidManifest.xml:60:9-69:20
81            android:name="androidx.work.impl.background.systemalarm.RescheduleReceiver"
81-->[androidx.work:work-runtime:2.11.2] AndroidManifest.xml:61:13-88
82            android:directBootAware="false"
82-->[androidx.work:work-runtime:2.11.2] AndroidManifest.xml:62:13-44
83            android:enabled="false"
83-->[androidx.work:work-runtime:2.11.2] AndroidManifest.xml:63:13-36
84            android:exported="false" >
84-->[androidx.work:work-runtime:2.11.2] AndroidManifest.xml:64:13-37
85            <intent-filter>
85-->[androidx.work:work-runtime:2.11.2] AndroidManifest.xml:66:13-68:29
86                <action android:name="android.intent.action.BOOT_COMPLETED" />
86-->[androidx.work:work-runtime:2.11.2] AndroidManifest.xml:67:17-79
86-->[androidx.work:work-runtime:2.11.2] AndroidManifest.xml:67:25-76
87            </intent-filter>
88        </receiver>
89        <receiver
89-->[androidx.work:work-runtime:2.11.2] AndroidManifest.xml:70:9-80:20
90            android:name="androidx.work.impl.diagnostics.DiagnosticsReceiver"
90-->[androidx.work:work-runtime:2.11.2] AndroidManifest.xml:71:13-78
91            android:directBootAware="false"
91-->[androidx.work:work-runtime:2.11.2] AndroidManifest.xml:72:13-44
92            android:enabled="true"
92-->[androidx.work:work-runtime:2.11.2] AndroidManifest.xml:73:13-35
93            android:exported="true"
93-->[androidx.work:work-runtime:2.11.2] AndroidManifest.xml:74:13-36
94            android:permission="android.permission.DUMP" >
94-->[androidx.work:work-runtime:2.11.2] AndroidManifest.xml:75:13-57
95            <intent-filter>
95-->[androidx.work:work-runtime:2.11.2] AndroidManifest.xml:77:13-79:29
96                <action android:name="androidx.work.diagnostics.REQUEST_DIAGNOSTICS" />
96-->[androidx.work:work-runtime:2.11.2] AndroidManifest.xml:78:17-88
96-->[androidx.work:work-runtime:2.11.2] AndroidManifest.xml:78:25-85
97            </intent-filter>
98        </receiver>
99
100        <service
100-->[androidx.room:room-runtime-android:2.7.0] AndroidManifest.xml:24:9-28:63
101            android:name="androidx.room.MultiInstanceInvalidationService"
101-->[androidx.room:room-runtime-android:2.7.0] AndroidManifest.xml:25:13-74
102            android:directBootAware="true"
102-->[androidx.room:room-runtime-android:2.7.0] AndroidManifest.xml:26:13-43
103            android:exported="false" />
103-->[androidx.room:room-runtime-android:2.7.0] AndroidManifest.xml:27:13-37
104
105        <receiver
105-->[androidx.profileinstaller:profileinstaller:1.3.1] AndroidManifest.xml:34:9-52:20
106            android:name="androidx.profileinstaller.ProfileInstallReceiver"
106-->[androidx.profileinstaller:profileinstaller:1.3.1] AndroidManifest.xml:35:13-76
107            android:directBootAware="false"
107-->[androidx.profileinstaller:profileinstaller:1.3.1] AndroidManifest.xml:36:13-44
108            android:enabled="true"
108-->[androidx.profileinstaller:profileinstaller:1.3.1] AndroidManifest.xml:37:13-35
109            android:exported="true"
109-->[androidx.profileinstaller:profileinstaller:1.3.1] AndroidManifest.xml:38:13-36
110            android:permission="android.permission.DUMP" >
110-->[androidx.profileinstaller:profileinstaller:1.3.1] AndroidManifest.xml:39:13-57
111            <intent-filter>
111-->[androidx.profileinstaller:profileinstaller:1.3.1] AndroidManifest.xml:40:13-42:29
112                <action android:name="androidx.profileinstaller.action.INSTALL_PROFILE" />
112-->[androidx.profileinstaller:profileinstaller:1.3.1] AndroidManifest.xml:41:17-91
112-->[androidx.profileinstaller:profileinstaller:1.3.1] AndroidManifest.xml:41:25-88
113            </intent-filter>
114            <intent-filter>
114-->[androidx.profileinstaller:profileinstaller:1.3.1] AndroidManifest.xml:43:13-45:29
115                <action android:name="androidx.profileinstaller.action.SKIP_FILE" />
115-->[androidx.profileinstaller:profileinstaller:1.3.1] AndroidManifest.xml:44:17-85
115-->[androidx.profileinstaller:profileinstaller:1.3.1] AndroidManifest.xml:44:25-82
116            </intent-filter>
117            <intent-filter>
117-->[androidx.profileinstaller:profileinstaller:1.3.1] AndroidManifest.xml:46:13-48:29
118                <action android:name="androidx.profileinstaller.action.SAVE_PROFILE" />
118-->[androidx.profileinstaller:profileinstaller:1.3.1] AndroidManifest.xml:47:17-88
118-->[androidx.profileinstaller:profileinstaller:1.3.1] AndroidManifest.xml:47:25-85
119            </intent-filter>
120            <intent-filter>
120-->[androidx.profileinstaller:profileinstaller:1.3.1] AndroidManifest.xml:49:13-51:29
121                <action android:name="androidx.profileinstaller.action.BENCHMARK_OPERATION" />
121-->[androidx.profileinstaller:profileinstaller:1.3.1] AndroidManifest.xml:50:17-95
121-->[androidx.profileinstaller:profileinstaller:1.3.1] AndroidManifest.xml:50:25-92
122            </intent-filter>
123        </receiver>
124    </application>
125
126</manifest>